<?xml version="1.0" encoding="UTF-8"?>
<testng-results ignored="0" total="7" passed="6" failed="1" skipped="0">
  <reporter-output>
  </reporter-output>
  <suite started-at="2021-10-09T18:31:20 CEST" name="SeleniumFrameworkPOMReports" finished-at="2021-10-09T18:32:09 CEST" duration-ms="49481">
    <groups>
    </groups>
    <test started-at="2021-10-09T18:31:20 CEST" name="Test - Login Page" finished-at="2021-10-09T18:31:28 CEST" duration-ms="7751">
      <class name="test.LoginPageTest">
        <test-method is-config="true" signature="setUp()[pri:0, instance:test.LoginPageTest@6ad82709]" started-at="2021-10-09T18:31:20 CEST" name="setUp" finished-at="2021-10-09T18:31:27 CEST" duration-ms="6945" status="PASS">
          <reporter-output>
          </reporter-output>
        </test-method> <!-- setUp -->
        <test-method signature="verifyPageTitle()[pri:0, instance:test.LoginPageTest@6ad82709]" started-at="2021-10-09T18:31:27 CEST" name="verifyPageTitle" finished-at="2021-10-09T18:31:27 CEST" duration-ms="141" status="PASS">
          <reporter-output>
          </reporter-output>
        </test-method> <!-- verifyPageTitle -->
        <test-method is-config="true" signature="closeBrowser()[pri:0, instance:test.LoginPageTest@6ad82709]" started-at="2021-10-09T18:31:27 CEST" name="closeBrowser" finished-at="2021-10-09T18:31:28 CEST" duration-ms="641" status="PASS">
          <reporter-output>
          </reporter-output>
        </test-method> <!-- closeBrowser -->
      </class> <!-- test.LoginPageTest -->
    </test> <!-- Test - Login Page -->
    <test started-at="2021-10-09T18:31:28 CEST" name="Test - Order Confirmation Page" finished-at="2021-10-09T18:31:34 CEST" duration-ms="6500">
      <class name="test.OrderConfirmedPageTest">
        <test-method is-config="true" signature="setUp()[pri:0, instance:test.OrderConfirmedPageTest@3098cf3b]" started-at="2021-10-09T18:31:28 CEST" name="setUp" finished-at="2021-10-09T18:31:33 CEST" duration-ms="5602" status="PASS">
          <reporter-output>
          </reporter-output>
        </test-method> <!-- setUp -->
        <test-method signature="verifyNoOrders()[pri:0, instance:test.OrderConfirmedPageTest@3098cf3b]" started-at="2021-10-09T18:31:33 CEST" name="verifyNoOrders" finished-at="2021-10-09T18:31:33 CEST" duration-ms="224" status="PASS">
          <reporter-output>
          </reporter-output>
        </test-method> <!-- verifyNoOrders -->
        <test-method is-config="true" signature="closeBrowser()[pri:0, instance:test.OrderConfirmedPageTest@3098cf3b]" started-at="2021-10-09T18:31:33 CEST" name="closeBrowser" finished-at="2021-10-09T18:31:34 CEST" duration-ms="674" status="PASS">
          <reporter-output>
          </reporter-output>
        </test-method> <!-- closeBrowser -->
      </class> <!-- test.OrderConfirmedPageTest -->
    </test> <!-- Test - Order Confirmation Page -->
    <test started-at="2021-10-09T18:31:34 CEST" name="Test - Account Page" finished-at="2021-10-09T18:31:40 CEST" duration-ms="6201">
      <class name="test.AccountPageTest">
        <test-method is-config="true" signature="setUp()[pri:0, instance:test.AccountPageTest@2118cddf]" started-at="2021-10-09T18:31:34 CEST" name="setUp" finished-at="2021-10-09T18:31:39 CEST" duration-ms="5336" status="PASS">
          <reporter-output>
          </reporter-output>
        </test-method> <!-- setUp -->
        <test-method signature="verifyNameAccountAfterLogin()[pri:0, instance:test.AccountPageTest@2118cddf]" started-at="2021-10-09T18:31:39 CEST" name="verifyNameAccountAfterLogin" finished-at="2021-10-09T18:31:40 CEST" duration-ms="195" status="PASS">
          <reporter-output>
          </reporter-output>
        </test-method> <!-- verifyNameAccountAfterLogin -->
        <test-method is-config="true" signature="closeBrowser()[pri:0, instance:test.AccountPageTest@2118cddf]" started-at="2021-10-09T18:31:40 CEST" name="closeBrowser" finished-at="2021-10-09T18:31:40 CEST" duration-ms="668" status="PASS">
          <reporter-output>
          </reporter-output>
        </test-method> <!-- closeBrowser -->
      </class> <!-- test.AccountPageTest -->
    </test> <!-- Test - Account Page -->
    <test started-at="2021-10-09T18:31:40 CEST" name="Test - Address Page" finished-at="2021-10-09T18:31:47 CEST" duration-ms="6844">
      <class name="test.AddressPageTest">
        <test-method is-config="true" signature="setUp()[pri:0, instance:test.AddressPageTest@6236eb5f]" started-at="2021-10-09T18:31:40 CEST" name="setUp" finished-at="2021-10-09T18:31:46 CEST" duration-ms="6085" status="PASS">
          <reporter-output>
          </reporter-output>
        </test-method> <!-- setUp -->
        <test-method signature="verifyNoDeliveryAddress()[pri:0, instance:test.AddressPageTest@6236eb5f]" started-at="2021-10-09T18:31:46 CEST" name="verifyNoDeliveryAddress" finished-at="2021-10-09T18:31:46 CEST" duration-ms="105" status="FAIL">
          <exception class="java.lang.AssertionError">
            <message>
              <![CDATA[expected [true] but found [false]]]>
            </message>
            <full-stacktrace>
              <![CDATA[java.lang.AssertionError: expected [true] but found [false]
at org.testng.Assert.fail(Assert.java:99)
at org.testng.Assert.failNotEquals(Assert.java:1037)
at org.testng.Assert.assertTrue(Assert.java:45)
at org.testng.Assert.assertTrue(Assert.java:55)
at test.AddressPageTest.verifyNoDeliveryAddress(AddressPageTest.java:51)
at java.base/jdk.internal.reflect.NativeMethodAccessorImpl.invoke0(Native Method)
at java.base/jdk.internal.reflect.NativeMethodAccessorImpl.invoke(NativeMethodAccessorImpl.java:62)
at java.base/jdk.internal.reflect.DelegatingMethodAccessorImpl.invoke(DelegatingMethodAccessorImpl.java:43)
at java.base/java.lang.reflect.Method.invoke(Method.java:566)
at org.testng.internal.MethodInvocationHelper.invokeMethod(MethodInvocationHelper.java:133)
at org.testng.internal.TestInvoker.invokeMethod(TestInvoker.java:598)
at org.testng.internal.TestInvoker.invokeTestMethod(TestInvoker.java:173)
at org.testng.internal.MethodRunner.runInSequence(MethodRunner.java:46)
at org.testng.internal.TestInvoker$MethodInvocationAgent.invoke(TestInvoker.java:824)
at org.testng.internal.TestInvoker.invokeTestMethods(TestInvoker.java:146)
at org.testng.internal.TestMethodWorker.invokeTestMethods(TestMethodWorker.java:146)
at org.testng.internal.TestMethodWorker.run(TestMethodWorker.java:128)
at java.base/java.util.ArrayList.forEach(ArrayList.java:1541)
at org.testng.TestRunner.privateRun(TestRunner.java:794)
at org.testng.TestRunner.run(TestRunner.java:596)
at org.testng.SuiteRunner.runTest(SuiteRunner.java:377)
at org.testng.SuiteRunner.runSequentially(SuiteRunner.java:371)
at org.testng.SuiteRunner.privateRun(SuiteRunner.java:332)
at org.testng.SuiteRunner.run(SuiteRunner.java:276)
at org.testng.SuiteRunnerWorker.runSuite(SuiteRunnerWorker.java:53)
at org.testng.SuiteRunnerWorker.run(SuiteRunnerWorker.java:96)
at org.testng.TestNG.runSuitesSequentially(TestNG.java:1212)
at org.testng.TestNG.runSuitesLocally(TestNG.java:1134)
at org.testng.TestNG.runSuites(TestNG.java:1063)
at org.testng.TestNG.run(TestNG.java:1031)
at org.apache.maven.surefire.testng.TestNGExecutor.run(TestNGExecutor.java:177)
at org.apache.maven.surefire.testng.TestNGXmlTestSuite.execute(TestNGXmlTestSuite.java:92)
at org.apache.maven.surefire.testng.TestNGProvider.invoke(TestNGProvider.java:105)
at java.base/jdk.internal.reflect.NativeMethodAccessorImpl.invoke0(Native Method)
at java.base/jdk.internal.reflect.NativeMethodAccessorImpl.invoke(NativeMethodAccessorImpl.java:62)
at java.base/jdk.internal.reflect.DelegatingMethodAccessorImpl.invoke(DelegatingMethodAccessorImpl.java:43)
at java.base/java.lang.reflect.Method.invoke(Method.java:566)
at org.apache.maven.surefire.util.ReflectionUtils.invokeMethodWithArray(ReflectionUtils.java:189)
at org.apache.maven.surefire.booter.ProviderFactory$ProviderProxy.invoke(ProviderFactory.java:165)
at org.apache.maven.surefire.booter.ProviderFactory.invokeProvider(ProviderFactory.java:85)
at org.apache.maven.surefire.booter.ForkedBooter.runSuitesInProcess(ForkedBooter.java:103)
at org.apache.maven.surefire.booter.ForkedBooter.main(ForkedBooter.java:74)
]]>
            </full-stacktrace>
          </exception> <!-- java.lang.AssertionError -->
          <reporter-output>
          </reporter-output>
        </test-method> <!-- verifyNoDeliveryAddress -->
        <test-method is-config="true" signature="closeBrowser()[pri:0, instance:test.AddressPageTest@6236eb5f]" started-at="2021-10-09T18:31:46 CEST" name="closeBrowser" finished-at="2021-10-09T18:31:47 CEST" duration-ms="654" status="PASS">
          <reporter-output>
          </reporter-output>
        </test-method> <!-- closeBrowser -->
      </class> <!-- test.AddressPageTest -->
    </test> <!-- Test - Address Page -->
    <test started-at="2021-10-09T18:31:47 CEST" name="Test - Delivery Address Details Page" finished-at="2021-10-09T18:31:57 CEST" duration-ms="9762">
      <class name="test.DeliveryAddressDetailsPageTest">
        <test-method is-config="true" signature="setUp()[pri:0, instance:test.DeliveryAddressDetailsPageTest@2b4bac49]" started-at="2021-10-09T18:31:47 CEST" name="setUp" finished-at="2021-10-09T18:31:54 CEST" duration-ms="6719" status="PASS">
          <reporter-output>
          </reporter-output>
        </test-method> <!-- setUp -->
        <test-method signature="addDeliveryAddress()[pri:0, instance:test.DeliveryAddressDetailsPageTest@2b4bac49]" started-at="2021-10-09T18:31:54 CEST" name="addDeliveryAddress" finished-at="2021-10-09T18:31:56 CEST" duration-ms="2375" status="PASS">
          <reporter-output>
          </reporter-output>
        </test-method> <!-- addDeliveryAddress -->
        <test-method is-config="true" signature="closeBrowser()[pri:0, instance:test.DeliveryAddressDetailsPageTest@2b4bac49]" started-at="2021-10-09T18:31:56 CEST" name="closeBrowser" finished-at="2021-10-09T18:31:57 CEST" duration-ms="660" status="PASS">
          <reporter-output>
          </reporter-output>
        </test-method> <!-- closeBrowser -->
      </class> <!-- test.DeliveryAddressDetailsPageTest -->
    </test> <!-- Test - Delivery Address Details Page -->
    <test started-at="2021-10-09T18:31:57 CEST" name="Test - Product List Page" finished-at="2021-10-09T18:32:09 CEST" duration-ms="12328">
      <class name="test.ProductListPageTest">
        <test-method is-config="true" signature="setUp()[pri:0, instance:test.ProductListPageTest@7748410a]" started-at="2021-10-09T18:31:57 CEST" name="setUp" finished-at="2021-10-09T18:32:01 CEST" duration-ms="4284" status="PASS">
          <reporter-output>
          </reporter-output>
        </test-method> <!-- setUp -->
        <test-method signature="verifyProductNumber()[pri:0, instance:test.ProductListPageTest@7748410a]" started-at="2021-10-09T18:32:01 CEST" name="verifyProductNumber" finished-at="2021-10-09T18:32:02 CEST" duration-ms="710" status="PASS">
          <reporter-output>
          </reporter-output>
        </test-method> <!-- verifyProductNumber -->
        <test-method is-config="true" signature="closeBrowser()[pri:0, instance:test.ProductListPageTest@7748410a]" started-at="2021-10-09T18:32:02 CEST" name="closeBrowser" finished-at="2021-10-09T18:32:03 CEST" duration-ms="665" status="PASS">
          <reporter-output>
          </reporter-output>
        </test-method> <!-- closeBrowser -->
        <test-method is-config="true" signature="setUp()[pri:0, instance:test.ProductListPageTest@7748410a]" started-at="2021-10-09T18:32:03 CEST" name="setUp" finished-at="2021-10-09T18:32:07 CEST" duration-ms="4216" status="PASS">
          <reporter-output>
          </reporter-output>
        </test-method> <!-- setUp -->
        <test-method signature="verifySortProducts()[pri:1, instance:test.ProductListPageTest@7748410a]" started-at="2021-10-09T18:32:07 CEST" name="verifySortProducts" finished-at="2021-10-09T18:32:09 CEST" duration-ms="1782" status="PASS">
          <reporter-output>
          </reporter-output>
        </test-method> <!-- verifySortProducts -->
        <test-method is-config="true" signature="closeBrowser()[pri:0, instance:test.ProductListPageTest@7748410a]" started-at="2021-10-09T18:32:09 CEST" name="closeBrowser" finished-at="2021-10-09T18:32:09 CEST" duration-ms="671" status="PASS">
          <reporter-output>
          </reporter-output>
        </test-method> <!-- closeBrowser -->
      </class> <!-- test.ProductListPageTest -->
    </test> <!-- Test - Product List Page -->
  </suite> <!-- SeleniumFrameworkPOMReports -->
</testng-results>
