<?xml version="1.0" encoding="UTF-8"?>
<!-- Generated by org.testng.reporters.JUnitXMLReporter -->
<testsuite ignored="0" hostname="LAPTOP-28U4DJ1V" failures="1" tests="1" name="Test - Address Page" time="6.844" errors="0" timestamp="2021-10-09T18:31:47 CEST">
  <testcase classname="test.AddressPageTest" name="verifyNoDeliveryAddress" time="0.105">
    <failure type="java.lang.AssertionError" message="expected [true] but found [false]">
      <![CDATA[java.lang.AssertionError: expected [true] but found [false]
at test.AddressPageTest.verifyNoDeliveryAddress(AddressPageTest.java:51)
at java.base/java.util.ArrayList.forEach(ArrayList.java:1541)
... Removed 40 stack frames]]>
    </failure>
  </testcase> <!-- verifyNoDeliveryAddress -->
</testsuite> <!-- Test - Address Page -->
